Threads = 2
Vertex length = 31
Hash functions = 5
Filter size = 2147483648
Capacity = 2
Files: 
/scratch/vasccell/cs806/exprPhenoData/Homo_sapiens.GRCh38.cdna.all_index/ref_k31_fixed.fa
--------------------------------------------------------------------------------
Round 0, 0:2147483648
Pass	Filling	Filtering
1	24	78	
2	16	1
True junctions count = 788894
False junctions count = 2508339
Hash table size = 3297233
Candidate marks count = 16103762
--------------------------------------------------------------------------------
Reallocating bifurcations time: 0
True marks count: 8050384
Edges construction time: 8
--------------------------------------------------------------------------------
Distinct junctions = 788894

for info, total work write each  : 2.331    total work inram from level 3 : 4.322  total work raw : 25.000 
Bitarray       608068672  bits (100.00 %)   (array + ranks )
final hash             0  bits (0.00 %) (nb in final hash 0)
Processing HG00339
Processing NA12777
Processing HG00108
Processing NA12546
Processing NA20538
Processing NA12761
Processing NA20502
Processing NA20756
Processing HG00132
Processing NA20581
Processing HG00366
Processing HG00141
Processing HG00315
Processing NA20514
Processing HG00157
Processing HG00380
Processing HG00266
Processing HG00280
Processing NA11840
Processing HG00239
Processing NA06985
Processing NA07056
Processing HG00257
Processing NA11881
Processing HG00232
Processing HG00096
Processing NA20816
Processing HG00308
Processing HG00139
Processing NA20509
Processing NA20800
Processing NA12750
Processing HG00180
Processing HG00103
Processing HG01790
Processing NA12341
Processing HG00324
Processing NA20797
Processing NA20540
Processing NA20771
Processing NA20525
Processing HG00341
Processing HG00115
Processing HG00332
Processing HG00246
Processing NA06989
Processing HG00235
Processing NA12004
Processing HG00250
Processing NA07051
Processing NA11829
Processing HG00319
Processing NA12889
Processing NA20807
Processing NA20518
Processing NA20811
Processing HG00128
Processing HG00335
Processing NA20786
Processing HG00112
Processing HG00346
Processing NA20790
Processing HG00323
Processing HG00177
Processing NA12830
Processing HG00350
Processing NA12843
Processing HG00104
Processing NA20760
Processing HG00187
Processing NA20534
Processing HG00328
Processing HG01334
Processing NA11918
Processing NA20529
Processing HG00119
Processing HG00150
Processing HG00123
Processing HG00377
Processing NA20513
Processing HG00312
Processing HG00146
Processing NA07347
Processing HG00361
Processing NA20586
Processing NA12872
Processing HG00135
Processing NA20505
Processing HG00277
Processing NA12287
Processing HG00261
Processing NA06994
Processing NA07000
Processing NA11831
Processing HG00282
Processing NA12043
Processing HG00272
Processing NA12272
Processing NA12282
Processing HG00264
Processing HG00189
Processing NA12763
Processing HG00179
Processing NA12348
Processing NA20778
Processing NA12775
Processing HG00372
Processing HG00126
Processing NA20516
Processing HG00382
Processing NA11931
Processing NA12812
Processing HG00155
Processing NA12155
Processing HG00130
Processing HG00364
Processing NA20809
Processing NA20754
Processing HG00143
Processing NA20802
Processing NA20588
Processing HG00148
Processing NA20814
Processing HG00379
Processing HG00343
Processing HG00117
Processing NA20773
Processing NA20527
Processing HG00330
Processing NA20783
Processing HG00101
Processing HG00355
Processing HG00182
Processing NA20531
Processing NA20765
Processing NA20542
Processing NA11995
Processing NA20795
Processing HG00326
Processing HG00243
Processing HG00255
Processing HG00159
Processing NA20813
Processing NA20758
Processing NA20805
Processing HG00321
Processing NA20792
Processing NA11992
Processing NA20536
Processing HG00185
Processing HG00106
Processing HG00337
Processing NA20520
Processing NA20774
Processing HG00110
Processing HG00344
Processing HG00252
Processing NA11892
Processing HG00244
Processing HG00237
Processing NA12006
Processing HG00268
Processing HG00263
Processing NA12489
Processing NA12275
Processing HG00275
Processing NA12044
Processing HG00285
Processing HG00259
Processing NA20799
Processing HG02215
Processing HG00359
Processing NA12717
Processing NA20769
Processing HG00310
Processing NA11920
Processing NA20507
Processing HG00137
Processing HG00152
Processing NA12815
Processing HG00306
Processing HG00121
Processing NA12144
Processing HG00375
Processing NA12058
Processing HG00269
Processing NA12400
Processing HG00253
Processing NA11893
Processing HG00245
Processing NA07037
Processing HG00236
Processing HG00320
Processing HG00174
Processing NA20544
Processing NA20537
Processing HG00353
Processing NA12778
Processing HG00336
Processing NA20785
Processing NA20521
Processing NA20828
Processing HG00111
Processing HG00345
Processing HG00158
Processing NA20812
Processing NA12399
Processing HG00369
Processing NA20804
Processing NA20759
Processing HG00311
Processing HG00145
Processing NA20752
Processing NA20506
Processing HG00362
Processing NA20585
Processing HG00136
Processing NA12814
Processing NA12749
Processing HG00384
Processing NA20510
Processing NA20819
Processing HG00120
Processing HG01789
Processing NA20798
Processing HG00358
Processing NA12716
Processing NA20768
Processing HG00099
Processing HG00258
Processing HG00262
Processing HG00274
Processing NA12045
Processing HG00284
Processing HG00373
Processing HG00127
Processing NA20517
Processing HG00383
Processing NA12890
Processing NA11930
Processing HG00154
Processing NA12813
Processing NA12154
Processing HG00131
Processing NA20582
Processing HG00365
Processing NA12383
Processing NA20808
Processing HG00142
Processing HG00188
Processing HG00178
Processing NA12762
Processing HG00349
Processing NA12829
Processing NA12249
Processing NA06986
Processing NA07048
Processing HG00249
Processing NA11830
Processing NA11843
Processing HG00273
Processing NA12273
Processing NA12283
Processing HG00265
Processing HG00278
Processing HG00231
Processing HG00242
Processing NA11894
Processing HG00342
Processing HG00116
Processing NA20772
Processing HG00331
Processing HG00100
Processing NA20530
Processing HG00183
Processing NA20543
Processing HG00173
Processing NA11994
Processing HG00327
Processing NA12342
Processing NA20803
Processing NA20589
Processing HG00149
Processing NA20815
Processing HG00378
Processing ERR188182
Processing NA18510
Processing ERR204991
Processing NA19131
Processing ERR204891
Processing ERR204861
Processing ERR188463
Processing NA19200
Processing ERR188064
Processing NA18923
Processing ERR188459
Processing NA19095
Processing ERR188421
Processing ERR188444
Processing ERR188030
Processing NA18912
Processing NA19149
Processing ERR188143
Processing NA18861
Processing ERR188364
Processing NA19116
Processing NA19236
Processing NA19092
Processing ERR188044
Processing ERR188037
Processing NA18489
Processing ERR188363
Processing ERR188375
Processing ERR188306
Processing NA18870
Processing NA19107
Processing NA19184
Processing ERR188352
Processing ERR188344
Processing ERR188193
Processing NA18517
Processing NA19153
Processing NA18908
Processing NA19207
Processing ERR188268
Processing ERR188221
Processing NA19099
Processing ERR188093
Processing NA19214
Processing ERR188232
Processing ERR188066
Processing ERR188170
Processing NA18868
Processing NA18519
Processing NA19138
Processing NA19171
Processing NA19102
Processing NA19114
Processing NA19197
Processing NA19256
Processing NA19225
Processing ERR188423
Processing NA18910
Processing ERR204868
Processing NA19209
Processing ERR204989
Processing NA18508
Processing NA19129
Processing NA19190
Processing NA19113
Processing NA19160
Processing ERR204930
Processing NA19247
Processing ERR204843
Processing NA19222
Processing ERR188261
Processing NA18917
Processing NA19213
Processing ERR188223
Processing NA19118
Processing ERR188104
Processing NA19147
Processing ERR188409
Processing NA18916
Processing NA19235
Processing ERR188440
Processing NA19223
Processing NA18873
Processing ERR188151
Processing ERR188313
Processing NA18502
Processing ERR188129
Processing NA19146
Processing NA19119
Processing ERR188322
Processing ERR188060
Processing ERR188234
Processing NA19204
Processing ERR188471
Processing NA19141
Processing NA18505
Processing NA19108
Processing ERR204858
Processing ERR188225
Processing ERR188097
Processing NA18486
Processing ERR188476
Processing ERR188209
Processing ERR188214
Processing NA18907
Processing ERR188434
Processing NA19257
Processing ERR188447
Processing NA19096
Processing ERR188422
Processing NA18858
Processing ERR188109
Processing NA19185
Processing NA19175
Processing ERR204925
Processing NA19159
Processing ERR188392
Processing NA18867
Processing ERR188311
Processing ERR188120
Processing ERR188211
Processing ERR188292
Processing ERR188207
Processing ERR188284
Processing NA18488
Processing ERR188069
Processing ERR188442
Processing ERR188454
Processing ERR188427
Processing NA19093
Processing ERR188074
Processing NA19098
Processing NA18933
Processing NA19210
Processing NA18909
Processing NA19206
Processing ERR188269
Processing NA19137
Processing ERR188158
Processing NA19144
Processing NA19121
Processing NA19152
Processing NA19198
Processing ERR188174
Processing NA18934
Processing NA19248
Processing NA19201
Processing ERR188278
Processing NA18511
Processing NA19143
Processing NA19130
Processing NA19189
Processing ERR188183
Processing ERR188178
Processing NA18520
Processing ERR188188
Processing NA19117
Processing NA19172
Processing ERR188373
Processing ERR188131
Processing ERR188273
Processing ERR188283
Processing NA18499
Processing HG00160
Processing NA12827
Processing NA20787
Processing HG00334
Processing NA12347
Processing HG00176
Processing HG00351
Processing HG00105
Processing NA12842
Processing NA20761
Processing NA20535
Processing HG00186
Processing NA20806
Processing NA20519
Processing NA20810
Processing HG00129
Processing NA10847
Processing NA10851
Processing HG00234
Processing NA12005
Processing HG00251
Processing NA12234
Processing HG00276
Processing NA12286
Processing HG00260
Processing HG00151
Processing HG00122
Processing HG00376
Processing NA20512
Processing HG00313
Processing HG00360
Processing HG00134
Processing NA12873
Processing NA20504
Processing HG00329
Processing NA20528
Processing HG00118
Processing NA06984
Processing HG00238
Processing HG00267
Processing NA11832
Processing HG00281
Processing HG00271
Processing NA20503
Processing NA20757
Processing NA12874
Processing HG00133
Processing NA12156
Processing HG00367
Processing NA20515
Processing HG00371
Processing HG00125
Processing HG00156
Processing NA07357
Processing HG00381
Processing NA20826
Processing HG00338
Processing NA12776
Processing HG00109
Processing NA20539
Processing NA12760
Processing HG00181
Processing NA20532
Processing NA20766
Processing NA12718
Processing HG00102
Processing HG00356
Processing HG01791
Processing HG00171
Processing NA20796
Processing NA12340
Processing HG00325
Processing NA20541
Processing NA20770
Processing NA20524
Processing HG00114
Processing HG00309
Processing HG00138
Processing NA20508
Processing NA20801
Processing NA12751
Processing NA12413
Processing HG00256
Processing HG00233
Processing HG00240
Processing HG00097
